<?xml version="1.0" encoding="UTF-8"?>
<!-- Generated by org.testng.reporters.JUnitReportReporter -->
<testsuite hostname="DESKTOP-K37QN4Q" failures="0" tests="1" name="maven_nav.TestNNNG" time="0.023" errors="0" timestamp="2024-03-26T10:21:13 IST" skipped="0">
  <testcase classname="maven_nav.TestNNNG" name="userTest" time="0.023"/>
</testsuite> <!-- maven_nav.TestNNNG -->
