<?xml version="1.0" encoding="UTF-8"?>
<!-- Generated by org.testng.reporters.JUnitReportReporter -->
<testsuite hostname="DESKTOP-K37QN4Q" failures="0" tests="2" name="testngsessions.OrangeHRMTest" time="0.071" errors="0" timestamp="2024-03-27T21:34:25 IST" skipped="0">
  <testcase classname="testngsessions.OrangeHRMTest" name="titleTest" time="0.015"/>
  <testcase classname="testngsessions.OrangeHRMTest" name="urlTest" time="0.056"/>
</testsuite> <!-- testngsessions.OrangeHRMTest -->
