<?xml version="1.0" encoding="UTF-8"?>
<!-- Generated by org.testng.reporters.JUnitReportReporter -->
<testsuite hostname="DESKTOP-K37QN4Q" failures="0" tests="3" name="testngsessions.GoogleTest" time="0.177" errors="0" timestamp="2024-03-27T21:32:46 IST" skipped="1">
  <testcase classname="testngsessions.GoogleTest" name="titleTest" time="0.046"/>
  <testcase classname="testngsessions.GoogleTest" name="imageTest" time="0.131"/>
  <testcase classname="testngsessions.GoogleTest" name="urlTest">
    <skipped/>
  </testcase> <!-- urlTest -->
</testsuite> <!-- testngsessions.GoogleTest -->
